<?xml version="1.0" encoding="UTF-8"?>
<testsuite xmlns:xsi="http://www.w3.org/2001/XMLSchema-instance" xsi:noNamespaceSchemaLocation="https://maven.apache.org/surefire/maven-surefire-plugin/xsd/surefire-test-report-3.0.xsd" version="3.0" name="TestSuite" time="42.963" tests="6" errors="0" skipped="0" failures="0">
  <properties>
[...]
</properties>
  <testcase name="runScenario[&quot;saucedemo checkout&quot;, &quot;saucedemo Checkout scenario&quot;](1)" classname="TestNGRunner.TestRunner$TestNGAppRunner" time="10.766">
    <system-out><![CDATA[
@Checkout
Scenario Outline: saucedemo checkout                                 # src/test/resource/com/features/CheckOutPage.feature:24
  Given User launch the browser and enter the saucedemo website      # Stepdefination.LoginSteps.user_launch_the_browser_and_enter_the_saucedemo_website()
  And User enter the Username "standard_user"                        # Stepdefination.LoginSteps.user_enter_the_username(java.lang.String)
  And User enter the Password  "secret_sauce"                        # Stepdefination.LoginSteps.user_enter_the_password(java.lang.String)
  And User click on login button                                     # Stepdefination.LoginSteps.user_click_on_login_button()
  Given User select the product and click on add to cart button      # Stepdefination.DashboardStep.user_select_the_product_and_click_on_add_to_cart_button()
  When User click on cart icon                                       # Stepdefination.DashboardStep.user_click_on_cart_icon()
  Given User click on checkout button                                # Stepdefination.checkoutStep.user_click_on_checkout_button()
  Then User redirect to the checkout information page                # Stepdefination.checkoutStep.user_redirect_to_the_checkout_information_page()
  When User enter firstName "Ankit";                                 # Stepdefination.checkoutStep.user_enter_first_name(java.lang.String)
  And User enter LastName "D"                                        # Stepdefination.checkoutStep.user_enter_last_name(java.lang.String)
  And USer enter ZipCode "444444"                                    # Stepdefination.checkoutStep.u_ser_enter_zip_code(java.lang.String)
  Then User click on continue button                                 # Stepdefination.checkoutStep.user_click_on_continue_button()
  Then User redirect to the overview page and click on finish button # Stepdefination.checkoutStep.user_redirect_to_the_overview_page_and_click_on_finish_button()
]]></system-out>
    <system-err><![CDATA[SLF4J: Failed to load class "org.slf4j.impl.StaticLoggerBinder".
SLF4J: Defaulting to no-operation (NOP) logger implementation
SLF4J: See http://www.slf4j.org/codes.html#StaticLoggerBinder for further details.
Mar 17, 2025 1:06:31 PM org.openqa.selenium.devtools.CdpVersionFinder findNearestMatch
WARNING: Unable to find an exact match for CDP version 134, returning the closest version; found: 132; Please update to a Selenium version that supports CDP version 134
]]></system-err>
  </testcase>
  <testcase name="runScenario[&quot;saucedemo Dashboard&quot;, &quot;saucedemo Dashboard scenario&quot;](2)" classname="TestNGRunner.TestRunner$TestNGAppRunner" time="5.011">
    <system-out><![CDATA[
@Dashboard
Scenario Outline: saucedemo Dashboard                           # src/test/resource/com/features/Dashboard.feature:17
  Given User launch the browser and enter the saucedemo website # Stepdefination.LoginSteps.user_launch_the_browser_and_enter_the_saucedemo_website()
  And User enter the Username "standard_user"                   # Stepdefination.LoginSteps.user_enter_the_username(java.lang.String)
  And User enter the Password  "secret_sauce"                   # Stepdefination.LoginSteps.user_enter_the_password(java.lang.String)
  And User click on login button                                # Stepdefination.LoginSteps.user_click_on_login_button()
  Given User select the product and click on add to cart button # Stepdefination.DashboardStep.user_select_the_product_and_click_on_add_to_cart_button()
  When User click on cart icon                                  # Stepdefination.DashboardStep.user_click_on_cart_icon()
Redirect to the cart page
  Then User redirect to the Checkout page                       # Stepdefination.DashboardStep.user_redirect_to_the_checkout_page()
]]></system-out>
    <system-err><![CDATA[Mar 17, 2025 1:06:37 PM org.openqa.selenium.devtools.CdpVersionFinder findNearestMatch
WARNING: Unable to find an exact match for CDP version 134, returning the closest version; found: 132; Please update to a Selenium version that supports CDP version 134
]]></system-err>
  </testcase>
  <testcase name="runScenario[&quot;Login to saucedemo&quot;, &quot;saucedemo Login scenario&quot;](3)" classname="TestNGRunner.TestRunner$TestNGAppRunner" time="4.713">
    <system-out><![CDATA[
@Login @InvalidEmail
Scenario Outline: Login to saucedemo                            # src/test/resource/com/features/LoginPage.feature:15
  Given User launch the browser and enter the saucedemo website # Stepdefination.LoginSteps.user_launch_the_browser_and_enter_the_saucedemo_website()
  When User enter the Username "standard_user"                  # Stepdefination.LoginSteps.user_enter_the_username(java.lang.String)
  And User enter the Password  "secret_sauce"                   # Stepdefination.LoginSteps.user_enter_the_password(java.lang.String)
  And User click on login button                                # Stepdefination.LoginSteps.user_click_on_login_button()
Pass
  Then User redirect to the dashboard                           # Stepdefination.LoginSteps.user_redirect_to_the_dashboard()
]]></system-out>
    <system-err><![CDATA[Mar 17, 2025 1:06:42 PM org.openqa.selenium.devtools.CdpVersionFinder findNearestMatch
WARNING: Unable to find an exact match for CDP version 134, returning the closest version; found: 132; Please update to a Selenium version that supports CDP version 134
]]></system-err>
  </testcase>
  <testcase name="runScenario[&quot;InvalidEmail to saucedemo&quot;, &quot;saucedemo Login scenario&quot;](4)" classname="TestNGRunner.TestRunner$TestNGAppRunner" time="5.806">
    <system-out><![CDATA[
@InvalidEmail
Scenario Outline: InvalidEmail to saucedemo                     # src/test/resource/com/features/LoginPage.feature:28
  Given User launch the browser and enter the saucedemo website # Stepdefination.LoginSteps.user_launch_the_browser_and_enter_the_saucedemo_website()
  When User enter the Username "standard_userrr"                # Stepdefination.LoginSteps.user_enter_the_username(java.lang.String)
  And User enter the Password  "secret_sauce"                   # Stepdefination.LoginSteps.user_enter_the_password(java.lang.String)
  And User click on login button                                # Stepdefination.LoginSteps.user_click_on_login_button()
Pass
  Then User redirect to the dashboard                           # Stepdefination.LoginSteps.user_redirect_to_the_dashboard()
]]></system-out>
    <system-err><![CDATA[Mar 17, 2025 1:06:47 PM org.openqa.selenium.devtools.CdpVersionFinder findNearestMatch
WARNING: Unable to find an exact match for CDP version 134, returning the closest version; found: 132; Please update to a Selenium version that supports CDP version 134
]]></system-err>
  </testcase>
  <testcase name="runScenario[&quot;InvalidPass to saucedemo&quot;, &quot;saucedemo Login scenario&quot;](5)" classname="TestNGRunner.TestRunner$TestNGAppRunner" time="4.157">
    <system-out><![CDATA[
@InvalidPass
Scenario Outline: InvalidPass to saucedemo                      # src/test/resource/com/features/LoginPage.feature:42
  Given User launch the browser and enter the saucedemo website # Stepdefination.LoginSteps.user_launch_the_browser_and_enter_the_saucedemo_website()
  When User enter the Username "standard_user"                  # Stepdefination.LoginSteps.user_enter_the_username(java.lang.String)
  And User enter the Password  "secret_saucett"                 # Stepdefination.LoginSteps.user_enter_the_password(java.lang.String)
  And User click on login button                                # Stepdefination.LoginSteps.user_click_on_login_button()
Pass
  Then User redirect to the dashboard                           # Stepdefination.LoginSteps.user_redirect_to_the_dashboard()
]]></system-out>
    <system-err><![CDATA[Mar 17, 2025 1:06:52 PM org.openqa.selenium.devtools.CdpVersionFinder findNearestMatch
WARNING: Unable to find an exact match for CDP version 134, returning the closest version; found: 132; Please update to a Selenium version that supports CDP version 134
]]></system-err>
  </testcase>
  <testcase name="runScenario[&quot;InvalidCredential to saucedemo&quot;, &quot;saucedemo Login scenario&quot;](6)" classname="TestNGRunner.TestRunner$TestNGAppRunner" time="4.378">
    <system-out><![CDATA[
@InvalidCredential
Scenario Outline: InvalidCredential to saucedemo                # src/test/resource/com/features/LoginPage.feature:55
  Given User launch the browser and enter the saucedemo website # Stepdefination.LoginSteps.user_launch_the_browser_and_enter_the_saucedemo_website()
  When User enter the Username "standard_usertt"                # Stepdefination.LoginSteps.user_enter_the_username(java.lang.String)
  And User enter the Password  "secret_saucett"                 # Stepdefination.LoginSteps.user_enter_the_password(java.lang.String)
  And User click on login button                                # Stepdefination.LoginSteps.user_click_on_login_button()
Pass
  Then User redirect to the dashboard                           # Stepdefination.LoginSteps.user_redirect_to_the_dashboard()
]]></system-out>
    <system-err><![CDATA[Mar 17, 2025 1:06:57 PM org.openqa.selenium.devtools.CdpVersionFinder findNearestMatch
WARNING: Unable to find an exact match for CDP version 134, returning the closest version; found: 132; Please update to a Selenium version that supports CDP version 134
]]></system-err>
  </testcase>
</testsuite>