<?xml version="1.0" encoding="UTF-8"?>
<testng-results ignored="0" total="6" passed="6" failed="0" skipped="0">
  <reporter-output>
  </reporter-output>
  <suite started-at="2025-03-17T15:24:34 IST" name="Default suite" finished-at="2025-03-17T15:25:23 IST" duration-ms="49430">
    <groups>
      <group name="cucumber">
        <method signature="AbstractTestNGCucumberTests.runScenario(io.cucumber.testng.PickleWrapper,io.cucumber.testng.FeatureWrapper)[pri:0, instance:TestNGRunner.TestRunner$TestNGAppRunner@1ba9117e]" name="runScenario" class="io.cucumber.testng.AbstractTestNGCucumberTests"/>
      </group> <!-- cucumber -->
    </groups>
    <test started-at="2025-03-17T15:24:34 IST" name="Default test" finished-at="2025-03-17T15:25:23 IST" duration-ms="49430">
      <class name="TestNGRunner.TestRunner$TestNGAppRunner">
        <test-method is-config="true" signature="setUpClass(org.testng.ITestContext)[pri:0, instance:TestNGRunner.TestRunner$TestNGAppRunner@1ba9117e]" started-at="2025-03-17T15:24:34 IST" name="setUpClass" finished-at="2025-03-17T15:24:35 IST" duration-ms="1232" status="PASS">
          <params>
            <param index="0">
              <value>
                <![CDATA[org.testng.TestRunner@53e93fb7]]>
              </value>
            </param>
          </params>
          <reporter-output>
          </reporter-output>
        </test-method> <!-- setUpClass -->
        <test-method signature="runScenario(io.cucumber.testng.PickleWrapper,io.cucumber.testng.FeatureWrapper)[pri:0, instance:TestNGRunner.TestRunner$TestNGAppRunner@1ba9117e]" started-at="2025-03-17T15:24:35 IST" name="runScenario" description="Runs Cucumber Scenarios" data-provider="scenarios" finished-at="2025-03-17T15:24:48 IST" duration-ms="13086" status="PASS">
          <params>
            <param index="0">
              <value>
                <![CDATA["saucedemo checkout"]]>
              </value>
            </param>
            <param index="1">
              <value>
                <![CDATA["saucedemo Checkout scenario"]]>
              </value>
            </param>
          </params>
          <reporter-output>
          </reporter-output>
        </test-method> <!-- runScenario -->
        <test-method signature="runScenario(io.cucumber.testng.PickleWrapper,io.cucumber.testng.FeatureWrapper)[pri:0, instance:TestNGRunner.TestRunner$TestNGAppRunner@1ba9117e]" started-at="2025-03-17T15:24:48 IST" name="runScenario" description="Runs Cucumber Scenarios" data-provider="scenarios" finished-at="2025-03-17T15:24:55 IST" duration-ms="6208" status="PASS">
          <params>
            <param index="0">
              <value>
                <![CDATA["saucedemo Dashboard"]]>
              </value>
            </param>
            <param index="1">
              <value>
                <![CDATA["saucedemo Dashboard scenario"]]>
              </value>
            </param>
          </params>
          <reporter-output>
          </reporter-output>
        </test-method> <!-- runScenario -->
        <test-method signature="runScenario(io.cucumber.testng.PickleWrapper,io.cucumber.testng.FeatureWrapper)[pri:0, instance:TestNGRunner.TestRunner$TestNGAppRunner@1ba9117e]" started-at="2025-03-17T15:24:55 IST" name="runScenario" description="Runs Cucumber Scenarios" data-provider="scenarios" finished-at="2025-03-17T15:25:01 IST" duration-ms="6421" status="PASS">
          <params>
            <param index="0">
              <value>
                <![CDATA["Login to saucedemo"]]>
              </value>
            </param>
            <param index="1">
              <value>
                <![CDATA["saucedemo Login scenario"]]>
              </value>
            </param>
          </params>
          <reporter-output>
          </reporter-output>
        </test-method> <!-- runScenario -->
        <test-method signature="runScenario(io.cucumber.testng.PickleWrapper,io.cucumber.testng.FeatureWrapper)[pri:0, instance:TestNGRunner.TestRunner$TestNGAppRunner@1ba9117e]" started-at="2025-03-17T15:25:01 IST" name="runScenario" description="Runs Cucumber Scenarios" data-provider="scenarios" finished-at="2025-03-17T15:25:07 IST" duration-ms="5828" status="PASS">
          <params>
            <param index="0">
              <value>
                <![CDATA["InvalidEmail to saucedemo"]]>
              </value>
            </param>
            <param index="1">
              <value>
                <![CDATA["saucedemo Login scenario"]]>
              </value>
            </param>
          </params>
          <reporter-output>
          </reporter-output>
        </test-method> <!-- runScenario -->
        <test-method signature="runScenario(io.cucumber.testng.PickleWrapper,io.cucumber.testng.FeatureWrapper)[pri:0, instance:TestNGRunner.TestRunner$TestNGAppRunner@1ba9117e]" started-at="2025-03-17T15:25:07 IST" name="runScenario" description="Runs Cucumber Scenarios" data-provider="scenarios" finished-at="2025-03-17T15:25:13 IST" duration-ms="5978" status="PASS">
          <params>
            <param index="0">
              <value>
                <![CDATA["InvalidPass to saucedemo"]]>
              </value>
            </param>
            <param index="1">
              <value>
                <![CDATA["saucedemo Login scenario"]]>
              </value>
            </param>
          </params>
          <reporter-output>
          </reporter-output>
        </test-method> <!-- runScenario -->
        <test-method signature="runScenario(io.cucumber.testng.PickleWrapper,io.cucumber.testng.FeatureWrapper)[pri:0, instance:TestNGRunner.TestRunner$TestNGAppRunner@1ba9117e]" started-at="2025-03-17T15:25:13 IST" name="runScenario" description="Runs Cucumber Scenarios" data-provider="scenarios" finished-at="2025-03-17T15:25:18 IST" duration-ms="5132" status="PASS">
          <params>
            <param index="0">
              <value>
                <![CDATA["InvalidCredential to saucedemo"]]>
              </value>
            </param>
            <param index="1">
              <value>
                <![CDATA["saucedemo Login scenario"]]>
              </value>
            </param>
          </params>
          <reporter-output>
          </reporter-output>
        </test-method> <!-- runScenario -->
        <test-method is-config="true" signature="tearDownClass()[pri:0, instance:TestNGRunner.TestRunner$TestNGAppRunner@1ba9117e]" started-at="2025-03-17T15:25:18 IST" name="tearDownClass" finished-at="2025-03-17T15:25:23 IST" duration-ms="5409" status="PASS">
          <reporter-output>
          </reporter-output>
        </test-method> <!-- tearDownClass -->
      </class> <!-- TestNGRunner.TestRunner$TestNGAppRunner -->
    </test> <!-- Default test -->
  </suite> <!-- Default suite -->
</testng-results>
